<?xml version="1.0" encoding="UTF-8"?>
<!-- Generated by org.testng.reporters.JUnitXMLReporter -->
<testsuite hostname="supriya-Inspiron-3542" ignored="0" name="Surefire test" tests="7" failures="0" timestamp="07 Nov 2017 07:49:37 GMT" time="0.043" errors="0">
  <testcase name="f" time="0.009" classname="qaclickacademy.NewTest"/>
  <testcase name="Getmethod" time="0.0" classname="qaclickacademy.RESTAPITest"/>
  <testcase name="Setmethod" time="0.0" classname="qaclickacademy.RESTAPITest"/>
  <testcase name="Hybridapp" time="0.001" classname="qaclickacademy.AppiumTest"/>
  <testcase name="Nativeapp" time="0.001" classname="qaclickacademy.AppiumTest"/>
  <testcase name="Closebrowser" time="0.0" classname="qaclickacademy.SeleniumTest"/>
  <testcase name="Openbrowser" time="0.001" classname="qaclickacademy.SeleniumTest"/>
</testsuite> <!-- Surefire test -->
