<?xml version="1.0" encoding="UTF-8"?>
<!-- Generated by org.testng.reporters.JUnitXMLReporter -->
<testsuite hostname="supriya-Inspiron-3542" ignored="0" name="Test" tests="4" failures="0" timestamp="07 Nov 2017 08:26:54 GMT" time="0.067" errors="0">
  <testcase name="Closebrowser" time="0.025" classname="qaclickacademy.SeleniumTest"/>
  <testcase name="Openbrowser" time="0.001" classname="qaclickacademy.SeleniumTest"/>
  <testcase name="Getmethod" time="0.0" classname="qaclickacademy.RESTAPITest"/>
  <testcase name="Setmethod" time="0.002" classname="qaclickacademy.RESTAPITest"/>
</testsuite> <!-- Test -->
