<?xml version="1.0" encoding="UTF-8"?>
<testsuite xmlns:xsi="http://www.w3.org/2001/XMLSchema-instance" xsi:noNamespaceSchemaLocation="https://maven.apache.org/surefire/maven-surefire-plugin/xsd/surefire-test-report.xsd" name="TestSuite" time="0.525" tests="4" errors="0" skipped="0" failures="0">
  <properties>
[...]
</properties>
  <testcase name="Closebrowser" classname="qaclickacademy.SeleniumTest" time="0.023"/>
  <testcase name="Openbrowser" classname="qaclickacademy.SeleniumTest" time="0"/>
  <testcase name="Getmethod" classname="qaclickacademy.RESTAPITest" time="0.005"/>
  <testcase name="Setmethod" classname="qaclickacademy.RESTAPITest" time="0"/>
</testsuite>