<?xml version="1.0" encoding="UTF-8"?>
<testng-results skipped="0" failed="0" ignored="0" total="4" passed="4">
  <reporter-output>
  </reporter-output>
  <suite name="Suite" duration-ms="67" started-at="2017-11-07T08:26:54Z" finished-at="2017-11-07T08:26:54Z">
    <groups>
    </groups>
    <test name="Test" duration-ms="67" started-at="2017-11-07T08:26:54Z" finished-at="2017-11-07T08:26:54Z">
      <class name="qaclickacademy.RESTAPITest">
        <test-method status="PASS" signature="Getmethod()[pri:0, instance:qaclickacademy.RESTAPITest@67b6d4ae]" name="Getmethod" duration-ms="0" started-at="2017-11-07T13:56:54Z" finished-at="2017-11-07T13:56:54Z">
          <reporter-output>
          </reporter-output>
        </test-method> <!-- Getmethod -->
        <test-method status="PASS" signature="Setmethod()[pri:0, instance:qaclickacademy.RESTAPITest@67b6d4ae]" name="Setmethod" duration-ms="2" started-at="2017-11-07T13:56:54Z" finished-at="2017-11-07T13:56:54Z">
          <reporter-output>
          </reporter-output>
        </test-method> <!-- Setmethod -->
      </class> <!-- qaclickacademy.RESTAPITest -->
      <class name="qaclickacademy.SeleniumTest">
        <test-method status="PASS" signature="Closebrowser()[pri:0, instance:qaclickacademy.SeleniumTest@2d3fcdbd]" name="Closebrowser" duration-ms="25" started-at="2017-11-07T13:56:54Z" finished-at="2017-11-07T13:56:54Z">
          <reporter-output>
          </reporter-output>
        </test-method> <!-- Closebrowser -->
        <test-method status="PASS" signature="Openbrowser()[pri:0, instance:qaclickacademy.SeleniumTest@2d3fcdbd]" name="Openbrowser" duration-ms="1" started-at="2017-11-07T13:56:54Z" finished-at="2017-11-07T13:56:54Z">
          <reporter-output>
          </reporter-output>
        </test-method> <!-- Openbrowser -->
      </class> <!-- qaclickacademy.SeleniumTest -->
    </test> <!-- Test -->
  </suite> <!-- Suite -->
</testng-results>
